github.com/goradd/got/internal/got/ast.go:29:		buildAst		90.9%
github.com/goradd/got/internal/got/ast.go:47:		outputAsts		78.6%
github.com/goradd/got/internal/got/ast.go:72:		walk			92.0%
github.com/goradd/got/internal/got/ast.go:128:		walkItems		80.0%
github.com/goradd/got/internal/got/ast.go:138:		setTextMode		100.0%
github.com/goradd/got/internal/got/ast.go:148:		outputText		90.5%
github.com/goradd/got/internal/got/ast.go:184:		outputRun		100.0%
github.com/goradd/got/internal/got/ast.go:192:		outputGo		100.0%
github.com/goradd/got/internal/got/ast.go:199:		outputValue		100.0%
github.com/goradd/got/internal/got/ast.go:246:		outputGoErr		100.0%
github.com/goradd/got/internal/got/ast.go:254:		quoteText		100.0%
github.com/goradd/got/internal/got/ast.go:258:		outputIf		78.6%
github.com/goradd/got/internal/got/ast.go:284:		outputFor		75.0%
github.com/goradd/got/internal/got/ast.go:297:		outputJoin		87.5%
github.com/goradd/got/internal/got/lexer.go:38:		lexFile			100.0%
github.com/goradd/got/internal/got/lexer.go:56:		lexBlock		100.0%
github.com/goradd/got/internal/got/lexer.go:68:		run			100.0%
github.com/goradd/got/internal/got/lexer.go:76:		lexStart		100.0%
github.com/goradd/got/internal/got/lexer.go:80:		lexRun			100.0%
github.com/goradd/got/internal/got/lexer.go:95:		lexParams		100.0%
github.com/goradd/got/internal/got/lexer.go:117:	lexTag			96.8%
github.com/goradd/got/internal/got/lexer.go:182:	emitType		100.0%
github.com/goradd/got/internal/got/lexer.go:187:	emit			100.0%
github.com/goradd/got/internal/got/lexer.go:210:	emitRun			100.0%
github.com/goradd/got/internal/got/lexer.go:217:	lexStrictBlock		100.0%
github.com/goradd/got/internal/got/lexer.go:237:	lexInclude		90.3%
github.com/goradd/got/internal/got/lexer.go:336:	fileExists		100.0%
github.com/goradd/got/internal/got/lexer.go:341:	lexDefineNamedBlock	88.2%
github.com/goradd/got/internal/got/lexer.go:393:	lexSubstitute		100.0%
github.com/goradd/got/internal/got/lexer.go:450:	processParams		100.0%
github.com/goradd/got/internal/got/lexer.go:484:	splitParams		96.3%
github.com/goradd/got/internal/got/lexer.go:529:	lexComment		100.0%
github.com/goradd/got/internal/got/lexer.go:540:	lexJoin			100.0%
github.com/goradd/got/internal/got/lexer.go:546:	emitError		100.0%
github.com/goradd/got/internal/got/lexer.go:551:	isSpace			100.0%
github.com/goradd/got/internal/got/lexer.go:556:	isWhiteSpace		100.0%
github.com/goradd/got/internal/got/lexer.go:561:	isEndOfLine		100.0%
github.com/goradd/got/internal/got/lexer.go:566:	isTagChar		100.0%
github.com/goradd/got/internal/got/lexer.go:578:	isAtOpenTag		100.0%
github.com/goradd/got/internal/got/lexer.go:583:	isAtCloseTag		100.0%
github.com/goradd/got/internal/got/lexer.go:587:	isAt			100.0%
github.com/goradd/got/internal/got/lexer.go:593:	peek			100.0%
github.com/goradd/got/internal/got/lexer.go:603:	peekN			100.0%
github.com/goradd/got/internal/got/lexer.go:619:	acceptRun		100.0%
github.com/goradd/got/internal/got/lexer.go:631:	acceptUntil		100.0%
github.com/goradd/got/internal/got/lexer.go:646:	acceptUntil1		100.0%
github.com/goradd/got/internal/got/lexer.go:653:	acceptTag		90.5%
github.com/goradd/got/internal/got/lexer.go:689:	next			100.0%
github.com/goradd/got/internal/got/lexer.go:712:	backup			100.0%
github.com/goradd/got/internal/got/lexer.go:722:	putBackCurBuffer	100.0%
github.com/goradd/got/internal/got/lexer.go:729:	ignore			100.0%
github.com/goradd/got/internal/got/lexer.go:734:	calcCurLineNum		100.0%
github.com/goradd/got/internal/got/lexer.go:748:	ignoreRun		100.0%
github.com/goradd/got/internal/got/lexer.go:754:	ignoreSpace		100.0%
github.com/goradd/got/internal/got/lexer.go:771:	ignoreWhiteSpace	100.0%
github.com/goradd/got/internal/got/lexer.go:790:	ignoreOneSpace		100.0%
github.com/goradd/got/internal/got/lexer.go:807:	ignoreNewline		100.0%
github.com/goradd/got/internal/got/lexer.go:832:	ignoreCloseTag		100.0%
github.com/goradd/got/internal/got/lexer.go:840:	ignoreN			100.0%
github.com/goradd/got/internal/got/lexer.go:848:	currentString		100.0%
github.com/goradd/got/internal/got/lexer.go:855:	currentLen		100.0%
github.com/goradd/got/internal/got/lexer.go:859:	addNamedBlock		100.0%
github.com/goradd/got/internal/got/lexer.go:872:	getNamedBlock		100.0%
github.com/goradd/got/internal/got/parser.go:15:	parse			85.7%
github.com/goradd/got/internal/got/parser.go:40:	parseRun		90.9%
github.com/goradd/got/internal/got/parser.go:62:	parseRunItem		97.0%
github.com/goradd/got/internal/got/parser.go:134:	parseValue		96.3%
github.com/goradd/got/internal/got/parser.go:177:	parseIf			91.4%
github.com/goradd/got/internal/got/parser.go:295:	parseFor		100.0%
github.com/goradd/got/internal/got/parser.go:357:	parseJoin		100.0%
github.com/goradd/got/internal/got/runner.go:26:	Run			88.6%
github.com/goradd/got/internal/got/runner.go:149:	processIncludeString	86.7%
github.com/goradd/got/internal/got/runner.go:172:	prepIncludeFiles	85.7%
github.com/goradd/got/internal/got/runner.go:185:	getRealPath		75.0%
github.com/goradd/got/internal/got/runner.go:193:	outfilePath		90.9%
github.com/goradd/got/internal/got/runner.go:214:	postProcess		91.7%
github.com/goradd/got/internal/got/token.go:72:		init			100.0%
github.com/goradd/got/internal/got/token.go:178:	formatError		100.0%
github.com/goradd/got/internal/got/token.go:188:	formatErrorLine		100.0%
github.com/goradd/got/main.go:14:			main			88.5%
total:							(statements)		94.4%
